[01:53:00] [ServerMain/INFO]: Environment: authHost='https://authserver.mojang.com', accountsHost='https://api.mojang.com', sessionHost='https://sessionserver.mojang.com', servicesHost='https://api.minecraftservices.com', name='PROD'
[01:53:00] [ServerMain/INFO]: Found new data pack file/bukkit, loading it automatically
[01:53:02] [ServerMain/INFO]: Loaded 7 recipes
[01:53:03] [Server thread/INFO]: Starting minecraft server version 1.20.1
[01:53:03] [Server thread/INFO]: Loading properties
[01:53:03] [Server thread/INFO]: This server is running Paper version git-Paper-196 (MC: 1.20.1) (Implementing API version 1.20.1-R0.1-SNAPSHOT) (Git: 773dd72)
[01:53:04] [Server thread/INFO]: Server Ping Player Sample Count: 12
[01:53:04] [Server thread/INFO]: Using 4 threads for Netty based IO
[01:53:04] [Server thread/INFO]: [ChunkTaskScheduler] Chunk system is using 1 I/O threads, 1 worker threads, and gen parallelism of 1 threads
[01:53:04] [Server thread/WARN]: [!] The timings profiler has been enabled but has been scheduled for removal from Paper in the future.
    We recommend installing the spark profiler as a replacement: https://spark.lucko.me/
    For more information please visit: https://github.com/PaperMC/Paper/issues/8948
[01:53:04] [Server thread/INFO]: Default game type: SURVIVAL
[01:53:04] [Server thread/INFO]: Generating keypair
[01:53:04] [Server thread/INFO]: Starting Minecraft server on *:25565
[01:53:04] [Server thread/INFO]: Using epoll channel type
[01:53:04] [Server thread/INFO]: Paper: Using libdeflate (Linux x86_64) compression from Velocity.
[01:53:04] [Server thread/INFO]: Paper: Using OpenSSL 1.1.x (Linux x86_64) cipher from Velocity.
[01:53:04] [Server thread/WARN]: **** SERVER IS RUNNING IN OFFLINE/INSECURE MODE!
[01:53:04] [Server thread/WARN]: The server will make no attempt to authenticate usernames. Beware.
[01:53:04] [Server thread/WARN]: While this makes the game possible to play without internet access, it also opens up the ability for hackers to connect with any username they choose.
[01:53:04] [Server thread/WARN]: To change this, set "online-mode" to "true" in the server.properties file.
[01:53:04] [Server thread/INFO]: Preparing level "world"
[01:53:14] [Server thread/INFO]: Preparing start region for dimension minecraft:overworld
[01:53:14] [Server thread/INFO]: Time elapsed: 190 ms
[01:53:14] [Server thread/INFO]: Preparing start region for dimension minecraft:the_nether
[01:53:14] [Server thread/INFO]: Time elapsed: 73 ms
[01:53:14] [Server thread/INFO]: Preparing start region for dimension minecraft:the_end
[01:53:14] [Server thread/INFO]: Time elapsed: 101 ms
[01:53:14] [Server thread/INFO]: Running delayed init tasks
[01:53:14] [Server thread/INFO]: Done (11.679s)! For help, type "help"
[01:53:14] [Server thread/INFO]: Timings Reset
[01:53:14] [Server thread/INFO]: Unknown command. Type "/help" for help.
[01:54:35] [User Authenticator #0/INFO]: UUID of player TuxyFieldYT is ed94e225-cb69-3f1c-a819-f6c2a68cfc67
[01:54:35] [Server thread/INFO]: TuxyFieldYT joined the game
[01:54:35] [Server thread/INFO]: TuxyFieldYT[/127.161.35.87:33189] logged in with entity id 307 at ([world]70.5, 85.0, 52.5)
[01:55:02] [Server thread/INFO]: Made TuxyFieldYT a server operator
[01:55:06] [Server thread/INFO]: TuxyFieldYT issued server command: /gamemode creative
[01:55:06] [Server thread/INFO]: [TuxyFieldYT: Set own game mode to Creative Mode]
[01:55:13] [Server thread/INFO]: TuxyFieldYT issued server command: /kill
[01:55:13] [Server thread/INFO]: TuxyFieldYT was killed
[01:55:13] [Server thread/INFO]: [TuxyFieldYT: Killed TuxyFieldYT]
[01:55:30] [Server thread/INFO]: TuxyFieldYT issued server command: /stop
[01:55:30] [Server thread/INFO]: [TuxyFieldYT: Stopping the server]
[01:55:30] [Server thread/INFO]: Stopping server
[01:55:30] [Server thread/INFO]: Saving players
[01:55:30] [Server thread/INFO]: TuxyFieldYT lost connection: Server closed
[01:55:30] [Server thread/INFO]: TuxyFieldYT left the game
[01:55:31] [Server thread/INFO]: Saving worlds
[01:55:31] [Server thread/INFO]: Saving chunks for level 'ServerLevel[world]'/minecraft:overworld
[01:55:31] [Server thread/INFO]: [ChunkHolderManager] Waiting 60s for chunk system to halt for world 'world'
[01:55:31] [Server thread/INFO]: [ChunkHolderManager] Halted chunk system for world 'world'
[01:55:31] [Server thread/INFO]: [ChunkHolderManager] Saving all chunkholders for world 'world'
[01:55:32] [Server thread/INFO]: [ChunkHolderManager] Saved 2209 block chunks, 625 entity chunks, 2 poi chunks in world 'world' in 1.77s
[01:55:32] [Server thread/INFO]: ThreadedAnvilChunkStorage (world): All chunks are saved
[01:55:32] [Server thread/INFO]: Saving chunks for level 'ServerLevel[world_nether]'/minecraft:the_nether
[01:55:32] [Server thread/INFO]: [ChunkHolderManager] Waiting 60s for chunk system to halt for world 'world_nether'
[01:55:32] [Server thread/INFO]: [ChunkHolderManager] Halted chunk system for world 'world_nether'
[01:55:32] [Server thread/INFO]: [ChunkHolderManager] Saving all chunkholders for world 'world_nether'
[01:55:33] [Server thread/INFO]: [ChunkHolderManager] Saved 2025 block chunks, 529 entity chunks, 0 poi chunks in world 'world_nether' in 0.88s
[01:55:33] [Server thread/INFO]: ThreadedAnvilChunkStorage (DIM-1): All chunks are saved
[01:55:33] [Server thread/INFO]: Saving chunks for level 'ServerLevel[world_the_end]'/minecraft:the_end
[01:55:33] [Server thread/INFO]: [ChunkHolderManager] Waiting 60s for chunk system to halt for world 'world_the_end'
[01:55:33] [Server thread/INFO]: [ChunkHolderManager] Halted chunk system for world 'world_the_end'
[01:55:33] [Server thread/INFO]: [ChunkHolderManager] Saving all chunkholders for world 'world_the_end'
[01:55:34] [Server thread/INFO]: [ChunkHolderManager] Saved 2025 block chunks, 529 entity chunks, 0 poi chunks in world 'world_the_end' in 0.40s
[01:55:34] [Server thread/INFO]: ThreadedAnvilChunkStorage (DIM1): All chunks are saved
[01:55:34] [Server thread/INFO]: ThreadedAnvilChunkStorage: All dimensions are saved
[01:55:34] [Server thread/INFO]: Flushing Chunk IO
[01:55:34] [Server thread/INFO]: Closing Thread Pool
[01:55:34] [Server thread/INFO]: Closing Server
